<?xml version="1.0" encoding="UTF-8"?>
<!-- Generated by org.testng.reporters.JUnitReportReporter -->
<testsuite hostname="DESKTOP-RUL24GA" failures="0" tests="1" name="videoGameApi.VideoGameDBApiTest" time="3.717" errors="0" timestamp="2022-07-21T22:53:13 IST" skipped="0">
  <testcase classname="videoGameApi.VideoGameDBApiTest" name="DigestAuth" time="3.717"/>
  <system-out/>
</testsuite> <!-- videoGameApi.VideoGameDBApiTest -->
