<?xml version="1.0" encoding="UTF-8"?>
<!-- Generated by org.testng.reporters.JUnitReportReporter -->
<testsuite hostname="DESKTOP-RUL24GA" failures="0" tests="1" name="restAssuredApiTest.NopEcomApi" time="16.936" errors="0" timestamp="2022-07-15T19:02:56 IST" skipped="0">
  <testcase classname="restAssuredApiTest.NopEcomApi" name="Getrequest" time="16.936"/>
  <system-out/>
</testsuite> <!-- restAssuredApiTest.NopEcomApi -->
