<?xml version="1.0" encoding="UTF-8"?>
<!-- Generated by org.testng.reporters.JUnitReportReporter -->
<testsuite hostname="DESKTOP-RUL24GA" failures="0" tests="8" name="AllApitypes.AllapiModeltests" time="5.534" errors="0" timestamp="2022-07-21T23:08:20 IST" skipped="0">
  <testcase classname="AllApitypes.AllapiModeltests" name="googlemaplist" time="0.436"/>
  <system-out/>
  <testcase classname="AllApitypes.AllapiModeltests" name="DigestAuth" time="1.002"/>
  <system-out/>
  <testcase classname="AllApitypes.AllapiModeltests" name="GetCacheResponse" time="0.462"/>
  <system-out/>
  <testcase classname="AllApitypes.AllapiModeltests" name="Gogglemapapi" time="0.604"/>
  <system-out/>
  <testcase classname="AllApitypes.AllapiModeltests" name="Postrequest" time="1.141"/>
  <system-out/>
  <testcase classname="AllApitypes.AllapiModeltests" name="BearerAuth" time="0.671"/>
  <system-out/>
  <testcase classname="AllApitypes.AllapiModeltests" name="GetIPadress" time="0.491"/>
  <system-out/>
  <testcase classname="AllApitypes.AllapiModeltests" name="basicauthcrack" time="0.727"/>
  <system-out/>
</testsuite> <!-- AllApitypes.AllapiModeltests -->
