<?xml version="1.0" encoding="UTF-8"?>
<!-- Generated by org.testng.reporters.JUnitReportReporter -->
<testsuite hostname="DESKTOP-RUL24GA" failures="0" tests="2" name="restAssuredApiTest.RestassuredTestApi" time="6.857" errors="0" timestamp="2022-07-21T23:08:20 IST" skipped="0">
  <testcase classname="restAssuredApiTest.RestassuredTestApi" name="listdetails" time="1.803"/>
  <system-out/>
  <testcase classname="restAssuredApiTest.RestassuredTestApi" name="getecomdetails" time="5.054"/>
  <system-out/>
</testsuite> <!-- restAssuredApiTest.RestassuredTestApi -->
