<?xml version="1.0" encoding="UTF-8"?>
<!-- Generated by org.testng.reporters.JUnitReportReporter -->
<testsuite hostname="DESKTOP-RUL24GA" failures="0" tests="1" name="restAssuredApiTest.RestAssuredGETApi" time="1.127" errors="0" timestamp="2022-07-22T01:00:15 IST" skipped="0">
  <testcase classname="restAssuredApiTest.RestAssuredGETApi" name="GetApiDetails" time="1.127"/>
  <system-out/>
</testsuite> <!-- restAssuredApiTest.RestAssuredGETApi -->
