<?xml version="1.0" encoding="UTF-8"?>
<!-- Generated by org.testng.reporters.JUnitReportReporter -->
<testsuite hostname="DESKTOP-RUL24GA" failures="0" tests="2" name="restAssuredApiTest.RestassuredTestApi" time="11.975" errors="0" timestamp="2022-07-22T01:00:15 IST" skipped="0">
  <testcase classname="restAssuredApiTest.RestassuredTestApi" name="listdetails" time="1.759"/>
  <system-out/>
  <testcase classname="restAssuredApiTest.RestassuredTestApi" name="getecomdetails" time="10.216"/>
  <system-out/>
</testsuite> <!-- restAssuredApiTest.RestassuredTestApi -->
