<?xml version="1.0" encoding="UTF-8"?>
<!-- Generated by org.testng.reporters.JUnitReportReporter -->
<testsuite hostname="DESKTOP-RUL24GA" failures="0" tests="8" name="AllApitypes.AllapiModeltests" time="5.545" errors="0" timestamp="2022-07-22T01:00:15 IST" skipped="0">
  <testcase classname="AllApitypes.AllapiModeltests" name="Postrequest" time="1.249"/>
  <system-out/>
  <testcase classname="AllApitypes.AllapiModeltests" name="GetCacheResponse" time="0.460"/>
  <system-out/>
  <testcase classname="AllApitypes.AllapiModeltests" name="DigestAuth" time="0.745"/>
  <system-out/>
  <testcase classname="AllApitypes.AllapiModeltests" name="GetIPadress" time="0.475"/>
  <system-out/>
  <testcase classname="AllApitypes.AllapiModeltests" name="basicauthcrack" time="0.898"/>
  <system-out/>
  <testcase classname="AllApitypes.AllapiModeltests" name="googlemaplist" time="0.492"/>
  <system-out/>
  <testcase classname="AllApitypes.AllapiModeltests" name="Gogglemapapi" time="0.648"/>
  <system-out/>
  <testcase classname="AllApitypes.AllapiModeltests" name="BearerAuth" time="0.578"/>
  <system-out/>
</testsuite> <!-- AllApitypes.AllapiModeltests -->
